{"C:\\Users\\AndersAlbert\\Projects\\main\\pygen\\cognite\\pygen\\_generation\\typescript\\instance_api\\index.ts": {"path":"C:\\Users\\AndersAlbert\\Projects\\main\\pygen\\cognite\\pygen\\_generation\\typescript\\instance_api\\index.ts","all":false,"statementMap":{"0":{"start":{"line":1,"column":0},"end":{"line":1,"column":3}},"10":{"start":{"line":11,"column":0},"end":{"line":11,"column":33}}},"s":{"0":1,"10":1},"branchMap":{},"b":{},"fnMap":{},"f":{}}
,"C:\\Users\\AndersAlbert\\Projects\\main\\pygen\\cognite\\pygen\\_generation\\typescript\\instance_api\\types\\index.ts": {"path":"C:\\Users\\AndersAlbert\\Projects\\main\\pygen\\cognite\\pygen\\_generation\\typescript\\instance_api\\types\\index.ts","all":false,"statementMap":{"0":{"start":{"line":1,"column":0},"end":{"line":1,"column":3}},"8":{"start":{"line":9,"column":0},"end":{"line":9,"column":32}}},"s":{"0":1,"8":1},"branchMap":{},"b":{},"fnMap":{},"f":{}}
,"C:\\Users\\AndersAlbert\\Projects\\main\\pygen\\cognite\\pygen\\_generation\\typescript\\instance_api\\types\\references.ts": {"path":"C:\\Users\\AndersAlbert\\Projects\\main\\pygen\\cognite\\pygen\\_generation\\typescript\\instance_api\\types\\references.ts","all":false,"statementMap":{"70":{"start":{"line":71,"column":0},"end":{"line":71,"column":81}},"71":{"start":{"line":72,"column":0},"end":{"line":72,"column":31}},"72":{"start":{"line":73,"column":0},"end":{"line":73,"column":1}},"88":{"start":{"line":89,"column":0},"end":{"line":89,"column":36}},"89":{"start":{"line":90,"column":0},"end":{"line":90,"column":16}},"90":{"start":{"line":91,"column":0},"end":{"line":91,"column":21}},"91":{"start":{"line":92,"column":0},"end":{"line":92,"column":17}},"92":{"start":{"line":93,"column":0},"end":{"line":93,"column":18}},"93":{"start":{"line":94,"column":0},"end":{"line":94,"column":40}},"94":{"start":{"line":95,"column":0},"end":{"line":95,"column":1}},"109":{"start":{"line":110,"column":0},"end":{"line":110,"column":41}},"110":{"start":{"line":111,"column":0},"end":{"line":111,"column":16}},"111":{"start":{"line":112,"column":0},"end":{"line":112,"column":20}},"112":{"start":{"line":113,"column":0},"end":{"line":113,"column":23}},"113":{"start":{"line":114,"column":0},"end":{"line":114,"column":31}},"114":{"start":{"line":115,"column":0},"end":{"line":115,"column":1}},"130":{"start":{"line":131,"column":0},"end":{"line":131,"column":41}},"131":{"start":{"line":132,"column":0},"end":{"line":132,"column":16}},"132":{"start":{"line":133,"column":0},"end":{"line":133,"column":21}},"133":{"start":{"line":134,"column":0},"end":{"line":134,"column":17}},"134":{"start":{"line":135,"column":0},"end":{"line":135,"column":23}},"135":{"start":{"line":136,"column":0},"end":{"line":136,"column":40}},"136":{"start":{"line":137,"column":0},"end":{"line":137,"column":1}}},"s":{"70":1,"71":2,"72":2,"88":1,"89":1,"90":1,"91":1,"92":1,"93":1,"94":1,"109":1,"110":1,"111":1,"112":1,"113":1,"114":1,"130":1,"131":1,"132":1,"133":1,"134":1,"135":1,"136":1},"branchMap":{"0":{"type":"branch","line":71,"loc":{"start":{"line":71,"column":7},"end":{"line":73,"column":1}},"locations":[{"start":{"line":71,"column":7},"end":{"line":73,"column":1}}]},"1":{"type":"branch","line":89,"loc":{"start":{"line":89,"column":7},"end":{"line":95,"column":1}},"locations":[{"start":{"line":89,"column":7},"end":{"line":95,"column":1}}]},"2":{"type":"branch","line":110,"loc":{"start":{"line":110,"column":7},"end":{"line":115,"column":1}},"locations":[{"start":{"line":110,"column":7},"end":{"line":115,"column":1}}]},"3":{"type":"branch","line":131,"loc":{"start":{"line":131,"column":7},"end":{"line":137,"column":1}},"locations":[{"start":{"line":131,"column":7},"end":{"line":137,"column":1}}]}},"b":{"0":[2],"1":[1],"2":[1],"3":[1]},"fnMap":{"0":{"name":"createInstanceId","decl":{"start":{"line":71,"column":7},"end":{"line":73,"column":1}},"loc":{"start":{"line":71,"column":7},"end":{"line":73,"column":1}},"line":71},"1":{"name":"createViewReference","decl":{"start":{"line":89,"column":7},"end":{"line":95,"column":1}},"loc":{"start":{"line":89,"column":7},"end":{"line":95,"column":1}},"line":89},"2":{"name":"createContainerReference","decl":{"start":{"line":110,"column":7},"end":{"line":115,"column":1}},"loc":{"start":{"line":110,"column":7},"end":{"line":115,"column":1}},"line":110},"3":{"name":"createDataModelReference","decl":{"start":{"line":131,"column":7},"end":{"line":137,"column":1}},"loc":{"start":{"line":131,"column":7},"end":{"line":137,"column":1}},"line":131}},"f":{"0":2,"1":1,"2":1,"3":1}}
}
